[   0.0000] Initializing cgroup subsys cpuset
[    0.000000] Initializing cgroup subsys cpu
   0.000000] Initializing cgroup subsys cpuacct
[    0.000000] Linux version .40-116-generic (buildd@lgw01-amd64-021) (gcc version 5.4.0 20160609 (Ubuntu 5.4.0-6ubuntu1~16.04.9) ) #10-Ubuntu SMP Mon Feb 12 21:23:04 UTC 2018 (Ubuntu 4.4.0116.140-generic 4.4.98)
[    0.00000 Command line: BOOT_IMAGE=/boot/vmlinuz-4.4.0-116-generic root=LABEL=cloudimg-rootfs ro console=tty1 console=tyS0
[    0.000000] KERNEL supported cpus:
[    0.000000]   Intel GenuineIntel
[    0.000000]   AMD AuthenticAMD
[    0.000000]   Centaur CentaurHaul
[    .00000] x86/fpu: xstate_offset[2]: 576, xstate_sizes[2]:  256
[    0.000000] x86/fpu: Supporting XSAVE feature 0x01: 'x87 floating point registers'
[    0.000000] x86/fpu: Supporting XSAVE feature 0x02: 'SSE registers'
[    0.000000] x86/fpu: upportin XVE feare 0x04: AV registers'
[    0.000000] x86/fpu: Enabled xstate features 0x7, context size is 832 bytes, using 'standard' format.
[    0.000000] x86/fpu: Using 'lazy' FPU context switches
[    0.000000] e820: BIOS-provided phsical RAM map:
[    0.000000] BIOS-e820: [mem 0x0000000000000000-0x000000000009fbff] usable
[    0.000000] BIOS-e820: [mem 0x000000000009fc00-0x000000000009ffff] resrvd
[    0.000000] BIOS-e820: [mem 0x00000000000f0000-0x00000000000fffff] reserved
[    0.000000] BIOS-e820: [mem 0x0000000000100000-0x000000003ffeffff]usabl
    00000] BIOS-e820: [mem 0x000000003fff0000-0x000000003fffffff] ACPI data
[    0.000000] BIOS-e820: [mem 0x00000000fec00000-0x00000000fec00fff] reserved
[    0.000000] BIOS-e8200: [mem 0x00000000fee00000-0x00000000fee00fff] reserved
[   .000000] BIOS-e820: [mem 0x00000000fff000-0x00000000ffffffff] reserved
[    0.000000] NX (Execute Disable) protection: active

[    0.00000] SMBIOS 2.5 present.
[    0.000000] Hypervisor detected: KVM
[    0.000000] e820: last_pfn = 0x3fff0 max_arch_pfn = 0x400000000
[    0.000000] TRR:Diabled
[    0.000000] x86/PAT: TRRs disabled, skipping PAT initialization too.
[    0.00000] CPU MTRRs all blank - virtualized system.
[    0.000000] x86/PAT: Configuration [0-7]: WB  WT  UC- UC  WB  WT  UC- UC  
[    0.000000] found SMP MP-table at [mem 0x0009fff0-0x0009ffff] mapped at [ffff88000009fff0]
[    0.000000] Scanning 1 areas forlow memory corruption
[    0.000000] RAMDISK: [mem 0x36aaa000-0x3754cfff]
[    0.000000] ACPI: Early table checksum verification disabled
[  0.000000] ACPI: RSDP 0x00000000000E0000 000024 (v02 VBOX  )
[    0.000000] ACPI: XSD0x0000003FFF30 00003C (v01 VBOX   VBOXXSDT 00000001 ASL  00000061)
[    0.000000] ACPI: FACP 0x000000003FFF00F0 0000F4 (v04 VBO  VBOXFACP 00000001 ASL  00000061)
[    0.000000] ACPI: DSDT 0x000000003FFF0470 0021FF (v02 VBOX   VBOXBIOS 00000002 INTL 2010528)
[    0.000000] ACPI: FACS 0x000000003FFF0200 000040
[    0.000000] ACPI: FACS 0x00000003FF000 000040
[    0.000000] ACPI: APIC 0x000000003FFF0240 00005C (v2 BOX   VBOXAPIC 00000001 ASL  000061)
[    0.000000] ACPI: SSDT 0000000003FFF02A0 000CC(v01 VBOX  BOXCPUT 00000002 INTL 20100528)
[    0.000000] No UMA conigration found
[    0.000000] Faking a node at [mem 0x0000000000000000-0x0000000ffeffff]
[     0.000000] NODE_DATA(0) allocated [mem 0x3ffeb000-0x3ffeffff]
[    0.000000]kvm-clock: Using msrs 4b564d01 and 4b564d00
[    0.000000] kvm-clock: cpu 0, msr 0:3ffe3001, primary cpu clock
[    0.000000] kvm-clok: using sched offset of 52015221cyles
    0.000000] clocksource: kvm-clock: mask: 0xffffffffffffffff max_cycles: 0x1cd42e4dffb, max_idle_ns: 881590591483 ns
[    0.000000] Zone ranges:
[    0.000000]   DMA      [mem 0x0000000000001000-0x0000000000ffffff]
[   0.000000]   DMA32    [mem 0x0000000001000000-0000000003ffeffff]
[    0.000000]   Normal   empty
[    0.000000]   Device   empty
[    0.000000] Movable zone start for each node
[    0.000000] Early memory node ranges
[    0.000000]   od   0: [mem 0000000000100-x00000000009eff]
[    0.000000]   node  0: [mem 0x0000000000100000-0x00000003ffeffff]
[    0.000000] Initmem setup node 0 mem 0x0000000000001000-0x000000003ffeffff]
[    0.000000] ACPI: PM-Timer IO Port: 0x4008
[    0.000000] IOAPIC[0]: aicid 2, version 32, address 0xfec00000, GSI 0-23
[   0.000000] ACPI: INT_SRC_OVR (bus 0 bus_irq 0 global_irq 2 dfl dfl)
[    0.000000] API: INT_SRC_OVR (bus  busirq  global_irq 9 low level)
[    0.000000] Usng ACPI (MAD) for SMP configuration nformation
[    0.000000] smpboot: Allowing 2 CPUs, 0 hotplug CPUs
[    0.000000] PM: Registered nosave memory: [mem 0x00000000-0x00000fff]
[    0.000000] PM: Registered nosave memory: [mem 0x0009f000-0x0009ffff]
[    0.000000] PM: Registered nosave memory: [mem 0x000a0000-0x000effff]
[   0.000000] PM: Registered nosave memory: [mem 0x000f0000-0x000fffff]
[    0.000000] e820: [mem 0x40000000-0xfebfffff] available for PCI devices
[  0.000000] Booting paravirtalized kernel on KV
[    0.0000]cloksource:  refined-jiffies: mask: 0xffffffff max_cycles: 0xffffffff, max_idle_ns: 7645519600211568 ns
[    0.000000]setup_percpu: NR_CPUS:512 nr_cpumask_bits:512 nr_cpu_ids:2 nr_node_ids:1
[    0.000000] PERCPU: Embedded 34 pages/cpu @ffff88003fc00000 s99544 r8192 d31528 u1048576
[    0.000000] PV qspinlock hash table entries: 256 (order: 0, 4096 bytes)
[    0.00000]Built 1 zonelists in Node order, mobility grouping on.  Total pages: 257913
[    0.000000] Policy zone: DMA32
[    0.000000] Kernel command line: BOOT_IMAGE=/boot/vmlinuz-4.4.0-116-generic root=LABEL=cloudimg-rootfs ro console=tty1 console=ttyS0
[    0.000000] PID hash table enries: 4096 (order: 3, 32768 bytes)
[    0.000000] Memory: 1001640K/1048120K available (8530K kernel code, 1309K rwdata, 3992K rodata, 1508K init, 1316K bss, 46480K reserved, 0K cma-reserved)
[    0.000000] SLB: HWalign=64, Order=0-3, MinObjects=0, CPUs=2, Nodes=1
[   .00000] ernl/User page talesislation enabled
[    0.000000] Hierarhical RCU implementaton.
[    0.000000] 	Build-time adjustment of leaf fanout to 64.
[    0.000000] 	RCU restricting CPUs from NR_CPUS=51 to n_cpu_ids=2.
[    0.000000] RCU: Adjusting geometry or rcu_fanout_leaf=64, nr_cpu_ids=2
[    0.000000]NR_IRQS:33024 nr_irs:40 16[   0.000000] Console: colour VGA+ 80x25
[    000000] console [tty1] enabled
[    0.000000] console [ttyS0] enabled
[    0.000000] tsc: Detected 2600.000 MHz processor
[    5.344200] Calibrating delay loop (skipped) preset value.. 5200.00 BogoMIPS (lpj=10400000)
[    5.372761] pid_max: default: 32768 minimum: 301
[    5.387692] ACPI: Core revision 20150930
[    5.400575] ACPI: 2 ACPI AML tables successfully acquired and loaded
[    5.425255] Security Framework initialized
[    5.428273] Yama: becoming mindful.
[    5.431369] AppArmor: AppArmor initialized
[    5.440468] Dentry cache hash table entries: 131072 (order: 8, 1048576 bytes)
[    5.457593] Inode-cache hash table entries: 65536 (order: 7, 524288 bytes)
[    5.468646] Mount-cache hash table entries: 2048 (order: 2, 16384 bytes)
[    5.477569] Mountpoint-cache hash table entries: 2048 (order: 2, 16384 bytes)
[    5.487267] Initializing cgroup subsys io
[    5.493365] Initializing cgroup subsys memory
[    5.497135] Initializing cgroup subsys devices
[    5.501868] Initializing cgroup subsys freezer
[    5.523798] Initializing cgroup subsys net_cls
[    5.615393] Initializing cgroup subsys perf_event
[    5.704895] Initializing cgroup subsys net_prio
[    5.762334] Initializing cgroup subsys hugetlb
[    5.773527] Initializing cgroup subsys pids
[    5.781045] CPU: Physical Processor ID: 0
[    5.782627] CPU: Processor Core ID: 0
[    5.786875] FEATURE SPEC_CTRL Not Present
[    5.789364] mce: CPU supports 0 MCE banks
[    5.791455] Last level iTLB entries: 4KB 1024, 2MB 1024, 4MB 1024
[    5.797389] Last level dTLB entries: 4KB 1024, 2MB 1024, 4MB 1024, 1GB 4
[    5.803764] Spectre V2 mitigation: Mitigation: Full generic retpoline
[    5.806169] Spectre V2 mitigation: Speculation control IBPB not-supported IBRS not-supported
[    5.812639] Freeing SMP alternatives memory: 32K
[    5.842183] ftrace: allocating 32186 entries in 126 pages
[    6.004935] smpboot: APIC(0) Converting physical 0 to logical package 0
[    6.130406] smpboot: Max logical packages: 1
[    6.245450] x2apic enabled
[    6.322704] Switched APIC routing to physical x2apic.
[    6.385346] ..TIMER: vector=0x30 apic1=0 pin1=2 apic2=-1 pin2=-1
[    6.515640] APIC calibration not consistent with PM-Timer: 108ms instead of 100ms
[    6.646803] APIC delta adjusted to PM-Timer: 6249926 (6803221)
[    6.669064] smpboot: CPU0: Intel(R) Core(TM) i5-4288U CPU @ 2.60GHz (family: 0x6, model: 0x45, stepping: 0x1)
[    6.706154] Performance Events: unsupported p6 CPU model 69 no PMU driver, software events only.
[    6.804195] KVM setup paravirtual spinlock
[    6.889875] x86: Booting SMP configuration:
[    6.950398] .... node  #0, CPUs:      #1
[    7.017492] kvm-clock: cpu 1, msr 0:3ffe3041, secondary cpu clock
[    7.081074] mce: CPU supports 0 MCE banks
[    7.098682] x86: Booted up 1 node, 2 CPUs
[    7.121102] smpboot: Total of 2 processors activated (10400.00 BogoMIPS)
[    7.138543] devtmpfs: initialized
[    7.146676] evm: security.selinux
[    7.152002] evm: security.SMACK64
[    7.154716] evm: security.SMACK64EXEC
[    7.162865] evm: security.SMACK64TRANSMUTE
[    7.174739] evm: security.SMACK64MMAP
[    7.185789] evm: security.ima
[    7.203687] evm: security.capability
[    7.210403] clocksource: jiffies: mask: 0xffffffff max_cycles: 0xffffffff, max_idle_ns: 7645041785100000 ns
[    7.219029] futex hash table entries: 512 (order: 3, 32768 bytes)
[    7.231634] pinctrl core: initialized pinctrl subsystem
[    7.255579] RTC time:  9:20:47, date: 06/06/18
[    7.341945] NET: Registered protocol family 16
[    7.434499] cpuidle: using governor ladder
[    7.513489] cpuidle: using governor menu
[    7.583271] PCCT header not found.
[    7.633984] ACPI: bus type PCI registered
[    7.710045] acpiphp: ACPI Hot Plug PCI Controller Driver version: 0.5
[    7.768896] PCI: Using configuration type 1 for base access
[    7.797091] ACPI: Added _OSI(Module Device)
[    7.826179] ACPI: Added _OSI(Processor Device)
[    7.835948] ACPI: Added _OSI(3.0 _SCP Extensions)
[    7.856697] ACPI: Added _OSI(Processor Aggregator Device)
[    7.929436] ACPI: Executed 1 blocks of module-level executable AML code
[    8.011562] ACPI: Interpreter enabled
[    8.091130] ACPI: (supports S0 S5)
[    8.124757] ACPI: Using IOAPIC for interrupt routing
[    8.181427] PCI: Using host bridge windows from ACPI; if necessary, use "pci=nocrs" and report a bug
[    8.274525] ACPI: PCI Root Bridge [PCI0] (domain 0000 [bus 00-ff])
[    8.297499] acpi PNP0A03:00: _OSC: OS supports [ASPM ClockPM Segments MSI]
[    8.319440] acpi PNP0A03:00: _OSC: not requesting OS control; OS requires [ExtendedConfig ASPM ClockPM MSI]
[    8.364003] acpi PNP0A03:00: fail to add MMCONFIG information, can't access extended PCI configuration space under this bridge.
[    8.468674] PCI host bridge to bus 0000:00
[    8.527048] pci_bus 0000:00: root bus resource [io  0x0000-0x0cf7 window]
[    8.618370] pci_bus 0000:00: root bus resource [io  0x0d00-0xffff window]
[    8.640413] pci_bus 0000:00: root bus resource [mem 0x000a0000-0x000bffff window]
[    8.659943] pci_bus 0000:00: root bus resource [mem 0x40000000-0xfdffffff window]
[    8.705046] pci_bus 0000:00: root bus resource [bus 00-ff]
[    8.754948] pci 0000:00:01.1: legacy IDE quirk: reg 0x10: [io  0x01f0-0x01f7]
[    8.887827] pci 0000:00:01.1: legacy IDE quirk: reg 0x14: [io  0x03f6]
[    8.893659] pci 0000:00:01.1: legacy IDE quirk: reg 0x18: [io  0x0170-0x0177]
[    8.900502] pci 0000:00:01.1: legacy IDE quirk: reg 0x1c: [io  0x0376]
[    8.946636] pci 0000:00:07.0: quirk: [io  0x4000-0x403f] claimed by PIIX4 ACPI
[    8.970731] pci 0000:00:07.0: quirk: [io  0x4100-0x410f] claimed by PIIX4 SMB
[    8.999630] ACPI: PCI Interrupt Link [LNKA] (IRQs 5 9 10 *11)
[    9.030636] ACPI: PCI Interrupt Link [LNKB] (IRQs 5 9 *10 11)
[    9.176225] ACPI: PCI Interrupt Link [LNKC] (IRQs 5 *9 10 11)
[    9.266169] ACPI: PCI Interrupt Link [LNKD] (IRQs 5 9 10 *11)
[    9.272516] ACPI: Enabled 2 GPEs in block 00 to 07
[    9.277363] vgaarb: setting as boot device: PCI:0000:00:02.0
[    9.284190] vgaarb: device added: PCI:0000:00:02.0,decodes=io+mem,owns=io+mem,locks=none
[    9.298342] vgaarb: loaded
[    9.307790] vgaarb: bridge control possible 0000:00:02.0
[    9.312864] SCSI subsystem initialized
[    9.317623] ACPI: bus type USB registered
[    9.320609] usbcore: registered new interface driver usbfs
[    9.325839] usbcore: registered new interface driver hub
[    9.337711] usbcore: registered new device driver usb
[    9.352514] PCI: Using ACPI for IRQ routing
[    9.368257] NetLabel: Initializing
[    9.371924] NetLabel:  domain hash size = 128
[    9.448249] NetLabel:  protocols = UNLABELED CIPSOv4
[    9.559775] NetLabel:  unlabeled traffic allowed by default
[    9.660627] amd_nb: Cannot enumerate AMD northbridges
[    9.772114] clocksource: Switched to clocksource kvm-clock
[   .927425] AppArmor: AppArmor Filesystem Enabled
[ 10017626] pnp: PnP API init
[   10.271]pnp: PnP ACPI: found 3 devices

[   10.363110] clocksource: acpi_pm: mask: 0xffffff max_cycles: 0xffffff, max_idle_ns: 2085701024 ns
[   10.404913] NET: Registered protocol family 2
[   10.422784] TCP established hash table entries: 8192 (order: 4, 65536 bytes)
[   10.437185] TCP bind hash table entries: 8192 (order: 5, 131072 bytes)
[   10.459194] TCP: Hash tables configured (established 8192 bind 8192)
[   10.469972] UDP hash table entries: 512 (order: 2, 16384 bytes)
[   10.486805] UDP-Lite hash table entries: 512 (order: 2, 16384 bytes)
[   10.491039] NET: Registered protocol family 1
[   10.494482] pci 0000:00:00.0: Limiting direct PCI/PCI transfers
[   10.507191] pci 0000:00:01.0: Activating ISA DMA hang workarounds
[   10.631552] Unpacking initramfs...
[   13.833098] Freeing initrd memory: 10892K
[   13.867803] RAPL PMU detected, API unit is 2^-32 Joules, 4 fixed counters 10737418240 ms ovfl timer
[   13.887996] hw unit of domain pp0-core 2^-0 Joules
[   13.895030] hw unit of domain package 2^-0 Joules
[   13.905226] hw unit of domain dram 2^-0 Joules
[   13.907698] hw unit of domain pp1-gpu 2^-0 Joules
[   13.913862] platform rtc_cmos: registered platform RTC device (no PNP device found)
[   13.934500] Scanning for low memory corruption every 60 seconds
[   13.939713] audit: initializing netlink subsys (disabled)
[   13.970648] audit: type=2000 audit(1528276851.702:1): initialized
[   13.981896] Initialise system trusted keyring
[   13.987788] HugeTLB registered 2 MB page size, pre-allocated 0 pages
[   14.016346] zbud: loaded
[   14.019401] VFS: Disk quotas dquot_6.6.0
[   14.128682] VFS: Dquot-cache hash table entries: 512 (order 0, 4096 bytes)
[   14.278041] squashfs: version 4.0 (2009/01/31) Phillip Lougher
[   14.284622] fuse init (API version 7.23)
[  1.288400] Key type big_key registered
[  1.32574] Allocating IMA MOK and blacklist keyrings.

[   14.486692] Key type asymmetric registered
[   14.498663] Asymmetric key parser 'x509' registered
[   14.523138] Block layer SCSI generic (bsg) driver version 0.4 loaded (major 249)
[   14.542942] io scheduler noop registered
[   14.550532] io scheduler deadline registered (default)
[   14.571054] io scheduler cfq registered
[   14.580953] pci_hotplug: PCI Hot Plug PCI Core version: 0.5
[   14.605336] pciehp: PCI Express Hot Plug Controller Driver version: 0.4
[   14.612913] ACPI: AC Adapter [AC] (on-line)
[   14.626336] input: Power Button as /devices/LNXSYSTM:00/LNXPWRBN:00/input/input0
[   14.663046] ACPI: Power Button [PWRF]
[   14.741984] input: Sleep Button as /devices/LNXSYSTM:00/LNXSLPBN:00/input/input1
[   14.905764] ACPI: Sleep Button [SLPF]
[   14.912208] tsc: Refined TSC clocksource calibration: 2600.104 MHz
[   14.921047] clocksource: tsc: mask: 0xffffffffffffffff max_cycles: 0x257a9e9d881, max_idle_ns: 440795322448 ns
[   14.921778] ACPI: Battery Slot [BAT0] (battery present)
[   14.921846] GHES: HEST is not enabled!
[   14.921982] Serial: 8250/16550 driver, 32 ports, IRQ sharing enabled
[   14.956971] 00:02: ttyS0 at I/O 0x3f8 (irq = 4, base_baud = 115200) is a 16550A
[   14.969579] Linux agpgart interface v0.103
[   15.022177] loop: module loaded
[   15.076210] scsi host0: ata_piix
[   15.125195] scsi host1: ata_piix
[   15.187038] ata1: PATA max UDMA/33 cmd 0x1f0 ctl 0x3f6 bmdma 0xd000 irq 14
[   15.283271] ata2: PATA max UDMA/33 cmd 0x170 ctl 0x376 bmdma 0xd008 irq 15
[   15.312092] libphy: Fixed MDIO Bus: probed
[   15.314275] tun: Universal TUN/TAP device driver, 1.6
[   15.337141] tun: (C) 1999-2004 Max Krasnyansky <maxk@qualcomm.com>
[   15.360355] PPP generic driver version 2.4.2
[   15.366995] ehci_hcd: USB 2.0 'Enhanced' Host Controller (EHCI) Driver
[   15.375868] ehci-pci: EHCI PCI platform driver
[   15.380358] ehci-platform: EHCI generic platform driver
[   15.399109] ohci_hcd: USB 1.1 'Open' Host Controller (OHCI) Driver
[   15.523191] ohci-pci: OHCI PCI platform driver
[   15.609870] ohci-platform: OHCI generic platform driver
[   15.657288] uhci_hcd: USB Universal Host Controller Interface driver
[   15.668946] i8042: PNP: PS/2 Controller [PNP0303:PS2K,PNP0f03:PS2M] at 0x60,0x64 irq 1,12
[   15.679912] serio: i8042 KBD port at 0x60,0x64 irq 1
[   15.695730] serio: i8042 AUX port at 0x60,0x64 irq 12
[   15.708519] mousedev: PS/2 mouse device common for all mice
[   15.715629] rtc_cmos rtc_cmos: rtc core: registered rtc_cmos as rtc0
[   15.728241] rtc_cmos rtc_cmos: alarms up to one day, 114 bytes nvram
[   15.735008] i2c /dev entries driver
[   15.740095] device-mapper: uevent: version 1.0.3
[   15.745420] input: AT Translated Set 2 keyboard as /devices/platform/i8042/serio0/input/input2
[   15.766504] device-mapper: ioctl: 4.34.0-ioctl (2015-10-28) initialised: dm-devel@redhat.com
[   15.876913] ledtrig-cpu: registered to indicate activity on CPUs
[   16.050675] NET: Registered protocol family 10
[   16.094747] NET: Registered protocol family 17
[   16.139759] Key type dns_resolver registered
[   16.160838] microcode: CPU0 sig=0x40651, pf=0x40, revision=0x0
[   16.199396] microcode: CPU1 sig=0x40651, pf=0x40, revision=0x0
[   16.218169] microcode: Microcode Update Driver: v2.01 <tigran@aivazian.fsnet.co.uk>, Peter Oruba
[   16.237610] registered taskstats version 1
[   16.254548] Loading compiled-in X.509 certificates
[   16.282765] Loaded X.509 cert 'Build time autogenerated kernel key: aa84f01984fbd529c105810b59e379d349698248'
[   16.423468] zswap: loaded using pool lzo/zbud
[   16.429796] Key type trusted registered
[   16.442979] Key type encrypted registered
[   16.455040] AppArmor: AppArmor sha1 policy hashing enabled
[   16.472709] ima: No TPM chip found, activating TPM-bypass!
[   16.483251] evm: HMAC attrs: 0x1
[   16.487122]   Magic number: 6:673:322
[   16.493216] misc mcelog: hash matches
[   16.504888] tty tty47: hash matches
[   16.511100] rtc_cmos rtc_cmos: setting system clock to 2018-06-06 09:20:56 UTC (1528276856)
[   16.519228] BIOS EDD facility v0.16 2004-Jun-25, 0 devices found
[   16.627674] EDD information not available.
[   16.738728] Freeing unused kernel memory: 1508K
[   16.784455] Write protecting the kernel read-only data: 14336k
[   16.796627] Freeing unused kernel memory: 1700K
[   16.823360] Freeing unused kernel memory: 104K
Loading, please wait...
starting version[   16.867071] random: systemd-udevd: uninitialized urandom read (16 bytes read, 4 bits of entropy available)
 229
[   16.868261] random: udevadm: uninitialized urandom read (16 bytes read, 4 bits of entropy available)
[   16.868297] random: udevadm: uninitialized urandom read (16 bytes read, 4 bits of entropy available)
[   16.891141] random: udevadm: uninitialized urandom read (16 bytes read, 4 bits of entropy available)
[   16.891218] random: udevadm: uninitialized urandom read (16 bytes read, 4 bits of entropy available)
[   16.891498] random: udevadm: uninitialized urandom read (16 bytes read, 4 bits of entropy available)
[   16.891599] random: udevadm: uninitialized urandom read (16 bytes read, 4 bits of entropy available)
[   16.891695] random: udevadm: uninitialized urandom read (16 bytes read, 4 bits of entropy available)
[   16.891797] random: udevadm: uninitialized urandom read (16 bytes read, 4 bits of entropy available)
[   16.891964] random: udevadm: uninitialized urandom read (16 bytes read, 4 bits of entropy available)
[   17.501574] Fusion MPT base driver 3.04.20
[   17.664660] Copyright (c) 1999-2008 LSI Corporation
[   17.712979] e1000: Intel(R) PRO/1000 Network Driver - version 7.3.21-k8-NAPI
[   17.722467] e1000: Copyright (c) 1999-2006 Intel Corporation.
[   17.856160] Fusion MPT SPI Host driver 3.04.20
[   17.919578] AVX2 version of gcm_enc/dec engaged.
[   17.963331] AES CTR mode by8 optimization enabled
[   18.090070] input: ImExPS/2 Generic Explorer Mouse as /devices/platform/i8042/serio1/input/input4
[   18.782957] e1000 0000:00:03.0 eth0: (PCI:33MHz:32-bit) 02:8e:6d:ef:3b:89
[   18.802707] e1000 0000:00:03.0 eth0: Intel(R) PRO/1000 Network Connection
[   18.816998] e1000 0000:00:03.0 enp0s3: renamed from eth0
[   18.848588] mptbase: ioc0: Initiating bringup
[   18.940956] ioc0: LSI53C1030 A0: Capabilities={Initiator}
[   19.148019] scsi host2: ioc0: LSI53C1030 A0, FwRev=00000000h, Ports=1, MaxQ=256, IRQ=20
[   19.284951] scsi 2:0:0:0: Direct-Access     VBOX     HARDDISK         1.0  PQ: 0 ANSI: 5
[   19.329010] scsi target2:0:0: Beginning Domain Validation
[   19.358322] scsi target2:0:0: Domain Validation skipping write tests
[   19.395355] scsi target2:0:0: Ending Domain Validation
[   19.403126] scsi target2:0:0: asynchronous
[   19.410858] scsi 2:0:1:0: Direct-Access     VBOX     HARDDISK         1.0  PQ: 0 ANSI: 5
[   19.438362] scsi target2:0:1: Beginning Domain Validation
[   19.463337] scsi target2:0:1: Domain Validation skipping write tests
[   19.488342] scsi target2:0:1: Ending Domain Validation
[   19.499825] scsi target2:0:1: asynchronous
[   19.527719] sd 2:0:0:0: [sda] 20971520 512-byte logical blocks: (10.7 GB/10.0 GiB)
[   19.587746] sd 2:0:0:0: Attached scsi generic sg0 type 0
[   19.609264] sd 2:0:0:0: [sda] Write Protect is off
[   19.610396] sd 2:0:1:0: Attached scsi generic sg1 type 0
[   19.693497] sd 2:0:1:0: [sdb] 20480 512-byte logical blocks: (10.5 MB/10.0 MiB)
[   19.708961] sd 2:0:0:0: [sda] Incomplete mode parameter data
[   19.749366] sd 2:0:0:0: [sda] Assuming drive cache: write through
[   19.753653] sd 2:0:1:0: [sdb] Write Protect is off
[   19.753815] sd 2:0:1:0: [sdb] Incomplete mode parameter data
[   19.753817] sd 2:0:1:0: [sdb] Assuming drive cache: write through
[   19.756403] sd 2:0:1:0: [sdb] Attached SCSI disk
[   20.002223]  sda: sda1
[   20.019306] sd 2:0:0:0: [sda] Attached SCSI disk
[   20.761518] floppy0: no floppy controllers found
Begin: Loading essential drivers[   22.530388] md: linear personality registered for level -1
 ... [   22.575631] md: multipath personality registered for level -4
[   22.599824] md: raid0 personality registered for level 0
[   22.626285] md: raid1 personality registered for level 1
[   22.736328] raid6: sse2x1   gen()  4958 MB/s
[   22.820835] raid6: sse2x1   xor()  2426 MB/s
[   22.896853] raid6: sse2x2   gen()  3575 MB/s
[   22.976428] raid6: sse2x2   xor()  3407 MB/s
[   23.052425] raid6: sse2x4   gen()  7608 MB/s
[   23.140480] raid6: sse2x4   xor()  4571 MB/s
[   23.212221] raid6: avx2x1   gen()  7408 MB/s
[   23.294869] raid6: avx2x2   gen()  9667 MB/s
[   23.364364] raid6: avx2x4   gen() 13513 MB/s
[   23.378560] raid6: using algorithm avx2x4 gen() 13513 MB/s
[   23.395212] raid6: using avx2x2 recovery algorithm
[   23.413352] xor: automatically using best checksumming function:
[   23.468199]    avx       : 16211.000 MB/sec
[   23.482250] async_tx: api initialized (async)
[   23.521874] md: raid6 personality registered for level 6
[   23.564688] md: raid5 personality registered for level 5
[   23.701470] md: raid4 personality registered for level 4
[   23.718969] md: raid10 personality registered for level 10
done.
Begin: Running /scripts/init-premount ... done[   23.791452] Btrfs loaded
.
Begin: Mounting root file system ... Begin: Running /scripts/local-top ... done.
Begin: Running /scripts/local-premount ... Scanning for Btrfs filesystems
done.
Warning: fsck not present, so skipping root file system
[   24.135035] EXT4-fs (sda1): mounted filesystem with ordered data mode. Opts: (null)
done.
Begin: Running /scripts/local-bottom ... done.
Begin: Running /scripts/init-bottom ... done.
[   24.956480] systemd[1]: systemd 229 running in system mode. (+PAM +AUDIT +SELINUX +IMA +APPARMOR +SMACK +SYSVINIT +UTMP +LIBCRYPTSETUP +GCRYPT +GNUTLS +ACL +XZ -LZ4 +SECCOMP +BLKID +ELFUTILS +KMOD -IDN)
[   25.067571] systemd[1]: Detected virtualization oracle.
[   25.093938] systemd[1]: Detected architecture x86-64.

Welcome to [1mUbuntu 16.04.4 LTS[0m!

[   25.265524] systemd[1]: Set hostname to <ubuntu>.
[   25.375894] systemd[1]: Initializing machine ID from random generator.
[   25.394400] systemd[1]: Installed transient /etc/machine-id file.
[   25.771878] random: nonblocking pool is initialized
[   26.075542] systemd[1]: Listening on Journal Socket (/dev/log).
[[0;32m  OK  [0m] Listening on Journal Socket (/dev/log).
[   26.117551] systemd[1]: Listening on udev Kernel Socket.
[[0;32m  OK  [0m] Listening on udev Kernel Socket.
[   26.140968] systemd[1]: Started Forward Password Requests to Wall Directory Watch.
[[0;32m  OK  [0m] Started Forward Password Requests to Wall Directory Watch.
[   26.197865] systemd[1]: Created slice User and Session Slice.
[[0;32m  OK  [0m] Created slice User and Session Slice.
[   26.227571] systemd[1]: Listening on Device-mapper event daemon FIFOs.
[[0;32m  OK  [0m] Listening on Device-mapper event daemon FIFOs.
[   26.293553] systemd[1]: Listening on LVM2 poll daemon socket.
[[0;32m  OK  [0m] Listening on LVM2 poll daemon socket.
[   26.322502] systemd[1]: Listening on LVM2 metadata daemon socket.
[[0;32m  OK  [0m] Listening on LVM2 metadata daemon socket.
[   26.341050] systemd[1]: Reached target User and Group Name Lookups.
[[0;32m  OK  [0m] Reached target User and Group Name Lookups.
[   26.385622] systemd[1]: Listening on Syslog Socket.
[[0;32m  OK  [0m] Listening on Syslog Socket.
[   26.414996] systemd[1]: Started Trigger resolvconf update for networkd DNS.
[[0;32m  OK  [0m] Started Trigger resolvconf update for networkd DNS.
[   26.437160] systemd[1]: Reached target Encrypted Volumes.
[[0;32m  OK  [0m] Reached target Encrypted Volumes.
[   26.477013] systemd[1]: Listening on Journal Socket.
[[0;32m  OK  [0m] Listening on Journal Socket.
[   26.507345] systemd[1]: Created slice System Slice.
[[0;32m  OK  [0m] Created slice System Slice.
[   26.543469] systemd[1]: Starting Set console keymap...
         Starting Set console keymap...
[   26.565996] systemd[1]: Starting Remount Root and Kernel File Systems...
         Starting Remount Root and Kernel File Systems...
[   26.598542] EXT4-fs (sda1): re-mounted. Opts: (null)
[   26.758220] systemd[1]: Starting Uncomplicated firewall...
         Starting Uncomplicated firewall...
[   26.868538] systemd[1]: Mounting Huge Pages File System...
         Mounting Huge Pages File System...
[   26.940521] systemd[1]: Starting Nameserver information manager...
         Starting Nameserver information manager...
[   26.955348] systemd[1]: Created slice system-serial\x2dgetty.slice.
[[0;32m  OK  [0m] Created slice system-serial\x2dgetty.slice.
[   27.005341] systemd[1]: Starting Monitoring of LVM2 mirrors, snapshots etc. using dmeventd or progress polling...
         Starting Monitoring of LVM2 mirrors... dmeventd or progress polling...
[   27.057987] systemd[1]: Reached target Swap.
[[0;32m  OK  [0m] Reached target Swap.
[   27.096798] systemd[1]: Mounting POSIX Message Queue File System...
         Mounting POSIX Message Queue File System...
[  27.142195] ysem[1: eahe trgt icces.
[[0;32m  OK  [0m] Reached target Slices.
[   27.640538] systemd[1]: Starting Load Kernel Modules...
         Starting Load Kernel Modules...
[   27.671967] systemd[1]: Set up automount Arbitrary Executable File Formats File System Automount Point.
[[0;32m  OK  [0m] Set up automount Arbitrary Executab...ats File System Automount Point.
[   27.715921] systemd[1]: Listening on /dev/initctl Compatibility Named Pipe.
[[0;32m  OK  [0m] Listening on /dev/initctl Compatibility Named Pipe.
[   27.819451] Loading iSCSI transport class v2.0-870.
[   27.845036] systemd[1]: Starting Create list of required static device nodes for the current kernel...
         Starting Create list of required st... nodes for the current kernel...
[   27.900877] systemd[1]: Listening on udev Control Socket.
[[0;32m  OK  [0m] Listening on [   28.022624] iscsi: registered transport (tcp)
udev Control Socket.
[   28.084600] systemd[1]: Mounting Debug File System...
         Mounting Debug File System...
[  28.13681] systemd[1]: Listening on Jurl ud Socket.

[[0;32m  OK  [0m] Listening on Journal Audit Socket.
[   28.478869] systemd[1]: Starting Journal Service...
         Starting Journal Service...
[   28.505762] systemd[1]: Mounted Debug File System.
[[0;32m  OK  [0m] Mounted Debug File System.
[   28.545054] systemd[1]: Mounted Huge Pages File System.
[[0;32m  OK  [0m] Mounted Huge[   28.627143] iscsi: registered transport (iser)
 Pages File System.
[   28.819943] systemd[1]: Mounted POSIX Message Queue File System.
[[0;32m  OK  [0m] Mounted POSIX Message Queue File System.
[   28.863268] systemd[1]: Started Journal Service.
[[0;32m  OK  [0m] Started Journal Service.
[[0;32m  OK  [0m] Started Set console keymap.
[[0;32m  OK  [0m] Started Remount Root and Kernel File Systems.
[[0;32m  OK  [0m] Started Uncomplicated firewall.
[[0;32m  OK  [0m] Started Load Kernel Modules.
[[0;32m  OK  [0m] Started Create list of required sta...ce nodes for the current kernel.
[[0;32m  OK  [0m] Started Nameserver information manager.
[[0;32m  OK  [0m] Started LVM2 metadata daemon.
         Starting Create Static Device Nodes in /dev...
         Starting Apply Kernel Variables...
         Mounting FUSE Control File System...
         Starting udev Coldplug all Devices...
         Starting Load/Save Random Seed...
         Starting Initial cloud-init job (pre-networking)...
         Starting Flush Journal to Persistent Storage...
[[0;32m  OK  [0m] Mounted FUSE Control File System.
[[0;32m  OK  [0m] Started Monitoring of LVM2 mirrors,...ng dmeventd or progress polling.
[[0;32m  OK  [0m] Started Create Static Device Nodes in /dev.
[[0;32m  OK  [0m] Started Apply Kernel Variables.
[[0;32m  OK  [0m] Started Load/Save Random Seed.
[[0;32m  OK  [0m] Started udev Coldplug all Devices.
         Starting udev Kernel Device Manager...
[[0;32m  OK  [0m] Started Flush Journal to Persistent Storage.
[[0;32m  OK  [0m] Started udev Kernel Device Manager.
[[0;32m  OK  [0m] Reached target Local File Systems (Pre).
[[0;32m  OK  [0m] Reached target Local File Systems.
         Starting Tell Plymouth To Write Out Runtime Data...
         Starting Commit a transient machine-id on disk...
         Starting Create Volatile Files and Directories...
         Starting Set console font and keymap...
         Starting LSB: AppArmor initialization...
[[0;32m  OK  [0m] Started Dispatch Password Requests to Console Directory Watch.
[[0;32m  OK  [0m] Started Tell Plymouth To Write Out Runtime Data.
[[0;32m  OK  [0m] Started Commit a transient machine-id on disk.
[[0;32m  OK  [0m] Started Create Volatile Files and Directories.
[[0;32m  OK  [0m] Found device /dev/ttyS0.
         Starting Update UTMP about System Boot/Shutdown...
[[0;32m  OK  [0m] Reached target System Time Synchronized.
[[0;32m  OK  [0m] Listening on Load/Save RF Kill Switch Status /dev/rfkill Watch.
[[0;32m  OK  [0m] Started Update UTMP about System Boot/Shutdown.
[[0;32m  OK  [0m] Started LSB: AppArmor initialization.
[[0;32m  OK  [0m] Started Set console font and keymap.
[[0;32m  OK  [0m] Created slice system-getty.slice.
[   25.100308] cloud-init[452]: Cloud-init v. 17.2 running 'init-local' at Wed, 06 Jun 2018 09:21:13 +0000. Up 24.19 seconds.
[[0;32m  OK  [0m] Started Initial cloud-init job (pre-networking).
[[0;32m  OK  [0m] Reached target Network (Pre).
         Starting Raise network interfaces...
[[0;32m  OK  [0m] Started Raise network interfaces.
         Starting Initial cloud-init job (metadata service crawler)...
[[0;32m  OK  [0m] Reached target Network.
[   28.838260] cloud-init[928]: Cloud-init v. 17.2 running 'init' at Wed, 06 Jun 2018 09:21:15 +0000. Up 26.33 seconds.
[   28.945021] [cloud-init[0;32m  OK  [0m[928]: ] ci-info: +++++++++++++++++++++++++++++++++++++Net device info++++++++++++++++++++++++++++++++++++++Started Initial cloud-init job (metadata service crawler).

[   28.946366] cloud-init[928]: ci-info: +--------+------+----------------------------+---------------+-------+-------------------+
[   29.160665] [cloud-init[0;32m  OK  [0m[928]: ] ci-info: | Device |  Up  |          Address           |      Mask     | Scope |     Hw-Address    |Reached target Network is Online.

[   29.161659] cloud-init[928]: ci-info: +--------+------+----------------------------+---------------+-------+-------------------+
[   29.556714]          cloud-initStarting iSCSI initiator daemon (iscsid)...[928]: 
ci-info: | enp0s3 | True |         10.0.2.15          | 255.255.255.0 |   .   | 02:8e:6d:ef:3b:89 |
[   29.744582] [cloud-init[0;32m  OK  [0m[928]: ] ci-info: | enp0s3 | True | fe80::8e:6dff:feef:3b89/64 |       .       |  link | 02:8e:6d:ef:3b:89 |Reached target Cloud-config availability.

[   29.745493] [cloud-init[0;32m  OK  [0m[928]: ] ci-info: |   lo   | True |         127.0.0.1          |   255.0.0.0   |   .   |         .         |Reached target System Initialization.

[   29.910286] [cloud-init[0;32m  OK  [0m[928]: ] ci-info: |   lo   | True |          ::1/128           |       .       |  host |         .         |Started Daily Cleanup of Temporary Directories.

[[0;32m  OK  [0m] Started Daily apt download activities.
[[0;32m  OK  [0m] Listening on D-Bus System Message Bus Socket.
[[0;32m  OK  [0m] Listening on ACPID Listen Socket.
[   30.109902] cloud-init[928]: ci-info: +--------+------+----------------------------+---------------+-------+-------------------+
[   30.488857]          Starting LXD - unix socket.
cloud-init[928]: ci-info: +++++++++++++++++++++++++++Route IPv4 info++++++++++++++++++++++++++++
[   30.580595]          cloud-initStarting Socket activation for snappy daemon.[928]: 
ci-info: +-------+-------------+----------+---------------+-----------+-------+
[[0;32m  OK  [0m] Started Timer to automatically refresh installed snaps.
[   30.581597] cloud-init[928]: ci-info: | Route | Destination | Gateway  |    Genmask    | Interface | Flags |
[   31.168725] [cloud-init[0;32m  OK  [0m[928]: ] ci-info: +-------+-------------+----------+---------------+-----------+-------+Started ACPI Events Check.

[   31.169880] [cloud-init[0;32m  OK  [0m[928]: ] ci-info: |   0   |   0.0.0.0   | 10.0.2.2 |    0.0.0.0    |   enp0s3  |   UG  |Reached target Paths.

[[0;32m  OK  [0m] Listening on UUID daemon activation socket.
[[0;32m  OK  [0m] Started Daily apt upgrade and clean activities.
[   31.249942] cloud-init[928]: ci-info: |   1   |   10.0.2.0  | 0.0.0.0  | 255.255.255.0 |   enp0s3  |   U   |
[   31.572750] [cloud-init[0;32m  OK  [0m[928]: ] ci-info: +-------+-------------+----------+---------------+-----------+-------+Reached target Timers.

[   31.752532] [cloud-init[0;32m  OK  [0m[928]: ] Generating public/private rsa key pair.Listening on LXD - unix socket.

[   31.836617] [cloud-init[0;32m  OK  [0m[928]: ] Your identification has been saved in /etc/ssh/ssh_host_rsa_key.Listening on Socket activation for snappy daemon.

[   31.837739] [cloud-init[0;32m  OK  [0m[928]: ] Your public key has been saved in /etc/ssh/ssh_host_rsa_key.pub.Started iSCSI initiator daemon (iscsid).

[   32.068678]          cloud-initStarting Login to default iSCSI targets...[928]: 
The key fingerprint is:
[   32.139345] [[0;32m  OK  [0m] Reached target Sockets.
cloud-init[928]: SHA256:dXqE+MjxCOXSnsj8pqaqS8lIocCt9w/JWt+yQ5tbQW4 root@ubuntu-xenial
[   32.209609] [cloud-init[0;32m  OK  [0m[928]: ] The key's randomart image is:Reached target Basic System.

[   32.210846] cloud-init[928]: +---[RSA 2048]----+
[   32.284692]          cloud-initStarting /etc/rc.local Compatibility...[928]: 
|        .        |
[   32.330638]          cloud-initStarting LSB: MD monitoring daemon...[928]: 
|. .    + . .     |
         Starting Accounts Service...
[   32.347837] [cloud-init[0;32m  OK  [0m[928]: ] |.o .  o =.o o    |Started Unattended Upgrades Shutdown.

[   32.349743] cloud-init[928]: |o o  o *oO +     |
[   32.440932] cloud-init[928]: |.o .  + SE+ .    |
[   32.461709]          cloud-initStarting Pollinate to seed the pseudo random number generator...[928]: 
|+ o o .o. ..     |
[   32.463506] cloud-init[928]: |.+   *. =.       |
[   32.636740] cloud-init[928]: |.   o =Bo        |
[[0;32m  OK  [0m] Started D-Bus System Message Bus.
[   32.638869] cloud-init[928]: |oo.o.o.==.       |
[   32.733695] cloud-init[928]: +----[SHA256]-----+
[   32.809499]          cloud-initStarting LXD - container startup/shutdown...[928]: 
Generating public/private dsa key pair.
[   32.864562] [cloud-init[0;32m  OK  [0m[928]: ] Your identification has been saved in /etc/ssh/ssh_host_dsa_key.Started ACPI event daemon.

[   32.867888] cloud-init[928]: Your public key has been saved in /etc/ssh/ssh_host_dsa_key.pub.
[   32.967341] [[0;32m  OK  [0m] Started Regular background program processing daemon.
cloud-init[928]: The key fingerprint is:
[   33.127023] cloud-init[928]: SHA256:b7H4S0494o7R1jFVAX8dtoGgKLaiUWBrUKpgHouxZzs root@ubuntu-xenial
[   33.160670] cloud-init[928]: The key's randomart image is:
         [   33.161525] Starting LSB: Record successful boot for GRUB...cloud-init
[928]: +---[DSA 1024]----+
[   33.280855]          cloud-initStarting Snappy daemon...[928]: 
|.+.        ...o=o|
         [   33.371048] Starting System Logging Service...cloud-init
[928]: |o.o     . .  .o.=|
[   33.402082] cloud-init[928]: |+= . o . .    .oo|
[[0;32m  OK  [0m] Started Deferred execution scheduler.
[   33.402823] cloud-init[928]: |Bo+ . o      .  .|
[   33.453032] cloud-init[928]: |++o. .  S . o    |
[   33.453760] cloud-init[928]: | oo..    + = o   |
         Starting Login Service...
[   33.454231] cloud-init[928]: | .E     o X +    |
         Starting Apply the settings specified in cloud-config...
[   33.684223] cloud-init[928]: |   .     @ . .   |
[[0;32m  OK  [0m] Started FUSE filesystem for LXC.
[[0;32m  OK  [0m] Started System Logging Service.
[[0;32m  OK  [0m] Started Snappy daemon.
[[0;32m  OK  [0m] Started /etc/rc.local Compatibility.
[[0;32m  OK  [0m] Started Pollinate to seed the pseudo random number generator.
[[0;32m  OK  [0m] Started LXD - container startup/shutdown.
[   33.796250] cloud-init[928]: |        ..*.     |
[   34.488971] cloud-init[928]: +----[SHA256]-----+
[   34.569724] cloud-init[928]: Generating public/private ecdsa key pair.
[   34.677264] cloud-init[928]: Your identification has been saved in /etc/ssh/ssh_host_ecdsa_key.
[   34.820775] cloud-init[928]: Your public key has been saved in /etc/ssh/ssh_host_ecdsa_key.pub.
[   34.866257] cloud-init[928]: The key fingerprint is:
[   34.908809] cloud-init[928]: SHA256:UdfW4Zz+Z/N+ZanyVJGg3eOZwqAnIKIEMS0aWxYHZIo root@ubuntu-xenial
[   34.968551] cloud-init[928]: The key's randomart image is:
[   34.977853] cloud-init[928]: +---[ECDSA 256]---+
[   35.020762] cloud-init[928]: |++=o.     . .o o.|
[   35.038800] cloud-init[928]: |=++.     . .o B +|
[   35.077434] cloud-init[928]: |EB . . ..  o o O |
         Starting Authenticate and Authorize Users to Run Privileged Tasks...
[   35.101774] cloud-init[928]: |+ . . . ... o o =|
[   35.148260] cloud-init[928]: | .      So . o *.|
         [   35.148803] Starting OpenBSD Secure Shell server...cloud-init
[928]: |          o   o.+|
[   35.149940] cloud-init[928]: |             ..o=|
[   35.180773] cloud-init[928]: |           ... .=|
[   35.181473] cloud-init[928]: |            o. .+|
[[0;32m  OK  [0m] Started LSB: MD monitoring daemon.
[   35.181846] [cloud-init[0;32m  OK  [0m[928]: ] +----[SHA256]-----+Started LSB: Record successful boot for GRUB.

[   35.398754] cloud-init[928]: Generating public/private ed25519 key pair.
[[   35.399361] [0;32m  OK  [0mcloud-init] [928]: Started OpenBSD Secure Shell server.Your identification has been saved in /etc/ssh/ssh_host_ed25519_key.

[[0;32m  OK  [0m] Started Login to default iSCSI targets.
[[0;32m  OK  [0m] Started Login Service.
[[0;32m  OK  [0m] Started Authenticate and Authorize Users to Run Privileged Tasks.
[[0;32m  OK  [0m] Started Accounts Service.
[   35.399862] cloud-init[928]: Your public key has been saved in /etc/ssh/ssh_host_ed25519_key.pub.
[[0;32m  OK  [0m] Reached target Remote File Systems (Pre).
[[0;32m  OK  [0m] Reached target Remote File Systems.
[   35.871865] cloud-init[928]: The key fingerprint is:
[   36.138036] cloud-init[928]: SHA256:rkpJIp4GGaIq5Calmcm8Upzpuss8m8AQg2HwkuMRtUM root@ubuntu-xenial
         Starting Permit User Sessions...
[   36.164173] cloud-init[928]: The key's randomart image is:
[   36.212553] cloud-init[928]: +--[ED25519 256]--+
         Starting LSB: automatic crash report generation...
[   36.228499] cloud-init[928]: |+o.E             |
         Starting LSB: VirtualBox Linux Additions...
[   36.367230] cloud-init[928]: |o+o .            |
[   36.394451] cloud-init[928]: |X..o             |
         Starting LSB: daemon to balance interrupts for SMP systems...
[   36.414903] cloud-init[928]: |+B. .            |
[   36.553239]          cloud-initStarting LSB: Set the CPU Frequency Scaling governor to "ondemand"...[928]: 
|*+oo.   S        |
[   36.554833] cloud-init[928]: |@B*o . .         |
[[0;32m  OK  [0m] Started Permit User Sessions.
[   36.642779] cloud-init[928]: |X%  o   .        |
[   36.717531] cloud-init[928]: |X.+.   .         |
[   36.738995] cloud-init[928]: |=Xo ...          |
[   36.760921] cloud-init[928]: +----[SHA256]-----+
[   36.786605] cloud-init[1129]: Generating locales (this might take a while)...
[[0;32m  OK  [0m] Created slice User Slice of vagrant.
         Starting User Manager for UID 1000...
[[0;32m  OK  [0m] Started Session 1 of user vagrant.
         Starting Terminate Plymouth Boot Screen...
         Starting Hold until boot process finishes up...
[[0;32m  OK  [0m] Started LSB: automatic crash report generation.
[[0;32m  OK  [0m] Started LSB: daemon to balance interrupts for SMP systems.
[[0;32m  OK  [0m] Started LSB: Set the CPU Frequency Scaling governor to "ondemand".
[[0;32m  OK  [0m] Started Terminate Plymouth Boot Screen.
[[0;32m  OK  [0m] Started Hold until boot process finishes up.
[[0;32m  OK  [0m] Started LSB: VirtualBox Linux Additions.
[[0;32m  OK  [0m] Started User Manager for UID 1000.
[[0;32m  OK  [0m] Started Serial Getty on ttyS0.
[[0;32m  OK  [0m] Started Getty on tty1.
[   37.636155] [cloud-init[0;32m  OK  [0m[1129]: ]   en_US.UTF-8... doneReached target Login Prompts.

[   37.660697] cloud-init[1129]: Generation complete.
         Starting Set console scheme...
[[0;32m  OK  [0m] Reached target Multi-User System.
[[0;32m  OK  [0m] Reached target Graphical Interface.
         Starting Update UTMP about System Runlevel Changes...
[[0;32m  OK  [0m] Started Set console scheme.
[[0;32m  OK  [0m] Started Update UTMP about System Runlevel Changes.
[   39.320122] cloud-init[1129]: Cloud-init v. 17.2 running 'modules:config' at Wed, 06 Jun 2018 09:21:23 +0000. Up 34.37 seconds.
[[0;32m  OK  [0m] Started Apply the settings specified in cloud-config.
         Starting Execute cloud user/final scripts...
ci-info: no authorized ssh keys fingerprints found for user ubuntu.
<14>Jun  6 09:21:29 ec2: 
<14>Jun  6 09:21:29 ec2: #############################################################
<14>Jun  6 09:21:29 ec2: -----BEGIN SSH HOST KEY FINGERPRINTS-----
<14>Jun  6 09:21:29 ec2: 1024 SHA256:b7H4S0494o7R1jFVAX8dtoGgKLaiUWBrUKpgHouxZzs root@ubuntu-xenial (DSA)
<14>Jun  6 09:21:29 ec2: 256 SHA256:UdfW4Zz+Z/N+ZanyVJGg3eOZwqAnIKIEMS0aWxYHZIo root@ubuntu-xenial (ECDSA)
<14>Jun  6 09:21:29 ec2: 256 SHA256:rkpJIp4GGaIq5Calmcm8Upzpuss8m8AQg2HwkuMRtUM root@ubuntu-xenial (ED25519)
<14>Jun  6 09:21:29 ec2: 2048 SHA256:dXqE+MjxCOXSnsj8pqaqS8lIocCt9w/JWt+yQ5tbQW4 root@ubuntu-xenial (RSA)
<14>Jun  6 09:21:29 ec2: -----END SSH HOST KEY FINGERPRINTS-----
<14>Jun  6 09:21:29 ec2: #############################################################
-----BEGIN SSH HOST KEY KEYS-----
ecdsa-sha2-nistp256 AAAAE2VjZHNhLXNoYTItbmlzdHAyNTYAAAAIbmlzdHAyNTYAAABBBNTuutODQ2bfAJPG0bAziIhtNC0HTKtlQJOohJH2ZLOXc6f0YPttv6wYGZHx8LhRa4PtGGPH0hQ/rqoOadZHuBQ= root@ubuntu-xenial
ssh-ed25519 AAAAC3NzaC1lZDI1NTE5AAAAIAwI6+bTm9/W5E0ldnh0lbYH2OK0n+v/i82sP3QfzEU+ root@ubuntu-xenial
ssh-rsa AAAAB3NzaC1yc2EAAAADAQABAAABAQDgzmJK5L2WMz9wGmsQn5dK4X9cR5kqPDOGKEdAgb6l594YNFhYzVtkHQgYhXephc5hkP6eQoT4Kp2wOEh8KcO6U0epqdLCbSPi/A7+kVyOdi3Btw/jflC+EHjJHeCoVqjpqQj+OfcHpEcMiO6LcMhJJx0mOrMZ91xU9IdIaQbI212MZneed5jXEzEkcR08rtFZA2CfFx9euzCUMM1qbt/s38iZuUI1lTmEjKodhhlfR4aWcQoU7hs10SqozEbqImglD6XLtG/bpF323zG3jfAloQIB69BPMNI7f1M0Ddhmr7virDxry26EYbBrTtgc14sVoEy+G2eTUs4m0NI5y81B root@ubuntu-xenial
-----END SSH HOST KEY KEYS-----
[   42.220628] cloud-init[1348]: Cloud-init v. 17.2 running 'modules:final' at Wed, 06 Jun 2018 09:21:29 +0000. Up 40.29 seconds.
[   42.328964] [cloud-init[0;32m  OK  [0m[1348]: ] ci-info: no authorized ssh keys fingerprints found for user ubuntu.Started Execute cloud user/final scripts.

[   42.330078] cloud-init[1348]: Cloud-init v. 17.2 finished at Wed, 06 Jun 2018 09:21:31 +0000. Datasource DataSourceNoCloud [seed=/dev/sdb][dsmode=net].  Up 42.20 seconds
[[0;32m  OK  [0m] Reached target Cloud-init target.

Ubuntu 16.04.4 LTS ubuntu-xenial ttyS0

ubuntu-xenial login: 